build/app/intermediates/manifest_merge_blame_file/debug/manifest-merger-blame-debug-report.txt
1<?xml version="1.0" encoding="utf-8"?>
2<manifest xmlns:android="http://schemas.android.com/apk/res/android"
3    package="com.smart.live_by_quran"
4    android:versionCode="1"
5    android:versionName="1.1.0" >
6
7    <uses-sdk
8        android:minSdkVersion="21"
9        android:targetSdkVersion="29" />
10    <!--
11         Flutter needs it to communicate with the running application
12         to allow setting breakpoints, to provide hot reload, etc.
13    -->
14    <uses-permission android:name="android.permission.INTERNET" />
14-->src/main/AndroidManifest.xml:3:5-66
14-->src/main/AndroidManifest.xml:3:22-64
15    <uses-permission android:name="android.permission.WRITE_EXTERNAL_STORAGE" />
15-->[com.jideguru:folioreader:0.6.2] AndroidManifest.xml:13:5-81
15-->[com.jideguru:folioreader:0.6.2] AndroidManifest.xml:13:22-78
16    <uses-permission android:name="android.permission.READ_EXTERNAL_STORAGE" />
17    <!--
18 io.flutter.app.FlutterApplication is an android.app.Application that
19         calls FlutterMain.startInitialization(this); in its onCreate method.
20         In most cases you can leave this as-is, but you if you want to provide
21         additional functionality it is fine to subclass or reimplement
22         FlutterApplication and put your custom class here.
23    -->
24    <application
24-->src/main/AndroidManifest.xml:9:5-48:19
25        android:name="io.flutter.app.FlutterApplication"
25-->src/main/AndroidManifest.xml:10:9-57
26        android:allowBackup="true"
26-->[com.jideguru:folioreader:0.6.2] AndroidManifest.xml:17:9-35
27        android:appComponentFactory="androidx.core.app.CoreComponentFactory"
27-->[androidx.core:core:1.1.0] AndroidManifest.xml:24:18-86
28        android:debuggable="true"
29        android:icon="@mipmap/ic_launcher"
29-->src/main/AndroidManifest.xml:13:9-43
30        android:label="لنحيا بالقرآن"
30-->src/main/AndroidManifest.xml:11:9-38
31        android:networkSecurityConfig="@xml/network_security_config"
31-->[com.jideguru:folioreader:0.6.2] AndroidManifest.xml:18:9-69
32        android:requestLegacyExternalStorage="true"
32-->src/main/AndroidManifest.xml:12:9-52
33        android:supportsRtl="true" >
33-->[com.github.codetoart:r2-shared-kotlin:1.0.4-2] AndroidManifest.xml:20:9-35
34        <activity
34-->src/main/AndroidManifest.xml:14:9-42:20
35            android:name="com.edu.edu_ebook.MainActivity"
35-->src/main/AndroidManifest.xml:15:13-41
36            android:configChanges="orientation|keyboardHidden|keyboard|screenSize|smallestScreenSize|locale|layoutDirection|fontScale|screenLayout|density|uiMode"
36-->src/main/AndroidManifest.xml:18:13-163
37            android:hardwareAccelerated="true"
37-->src/main/AndroidManifest.xml:19:13-47
38            android:launchMode="singleTop"
38-->src/main/AndroidManifest.xml:16:13-43
39            android:theme="@style/LaunchTheme"
39-->src/main/AndroidManifest.xml:17:13-47
40            android:windowSoftInputMode="adjustResize" >
40-->src/main/AndroidManifest.xml:20:13-55
41
42            <!--
43                 Specifies an Android theme to apply to this Activity as soon as
44                 the Android process has started. This theme is visible to the user
45                 while the Flutter UI initializes. After that, this theme continues
46                 to determine the Window background behind the Flutter UI.
47            -->
48            <meta-data
48-->src/main/AndroidManifest.xml:25:13-28:17
49                android:name="io.flutter.embedding.android.NormalTheme"
49-->src/main/AndroidManifest.xml:26:15-70
50                android:resource="@style/NormalTheme" />
50-->src/main/AndroidManifest.xml:27:15-52
51            <!--
52                 Displays an Android View that continues showing the launch screen
53                 Drawable until Flutter paints its first frame, then this splash
54                 screen fades out. A splash screen is useful to avoid any visual
55                 gap between the end of Android's launch screen and the painting of
56                 Flutter's first frame.
57            -->
58            <meta-data
58-->src/main/AndroidManifest.xml:34:13-37:17
59                android:name="io.flutter.embedding.android.SplashScreenDrawable"
59-->src/main/AndroidManifest.xml:35:15-79
60                android:resource="@drawable/launch_background" />
60-->src/main/AndroidManifest.xml:36:15-61
61
62            <intent-filter>
62-->src/main/AndroidManifest.xml:38:13-41:29
63                <action android:name="android.intent.action.MAIN" />
63-->src/main/AndroidManifest.xml:39:17-68
63-->src/main/AndroidManifest.xml:39:25-66
64
65                <category android:name="android.intent.category.LAUNCHER" />
65-->src/main/AndroidManifest.xml:40:17-76
65-->src/main/AndroidManifest.xml:40:27-74
66            </intent-filter>
67        </activity>
68        <!--
69             Don't delete the meta-data below.
70             This is used by the Flutter tool to generate GeneratedPluginRegistrant.java
71        -->
72        <meta-data
72-->src/main/AndroidManifest.xml:45:9-47:33
73            android:name="flutterEmbedding"
73-->src/main/AndroidManifest.xml:46:13-44
74            android:value="2" />
74-->src/main/AndroidManifest.xml:47:13-30
75
76        <provider
76-->[:esys_flutter_share] AndroidManifest.xml:8:9-16:20
77            android:name="de.esys.esysfluttershare.EsysFlutterShareFileProvider"
77-->[:esys_flutter_share] AndroidManifest.xml:9:13-81
78            android:authorities="com.smart.live_by_quran.fileprovider.github.com/orgs/esysberlin/esys-flutter-share"
78-->[:esys_flutter_share] AndroidManifest.xml:10:13-110
79            android:exported="false"
79-->[:esys_flutter_share] AndroidManifest.xml:11:13-37
80            android:grantUriPermissions="true" >
80-->[:esys_flutter_share] AndroidManifest.xml:12:13-47
81            <meta-data
81-->[:esys_flutter_share] AndroidManifest.xml:13:13-15:72
82                android:name="android.support.FILE_PROVIDER_PATHS"
82-->[:esys_flutter_share] AndroidManifest.xml:14:17-67
83                android:resource="@xml/esys_flutter_share_filepaths" />
83-->[:esys_flutter_share] AndroidManifest.xml:15:17-69
84        </provider>
85
86        <activity
86-->[:url_launcher] AndroidManifest.xml:8:9-11:74
87            android:name="io.flutter.plugins.urllauncher.WebViewActivity"
87-->[:url_launcher] AndroidManifest.xml:9:13-74
88            android:exported="false"
88-->[:url_launcher] AndroidManifest.xml:10:13-37
89            android:theme="@android:style/Theme.NoTitleBar.Fullscreen" />
89-->[:url_launcher] AndroidManifest.xml:11:13-71
90
91        <provider
91-->[com.jideguru:folioreader:0.6.2] AndroidManifest.xml:20:9-23:40
92            android:name="com.folioreader.AppContext"
92-->[com.jideguru:folioreader:0.6.2] AndroidManifest.xml:21:13-54
93            android:authorities="com.smart.live_by_quran.provider.appcontext"
93-->[com.jideguru:folioreader:0.6.2] AndroidManifest.xml:22:13-71
94            android:exported="false" />
94-->[com.jideguru:folioreader:0.6.2] AndroidManifest.xml:23:13-37
95
96        <activity
96-->[com.jideguru:folioreader:0.6.2] AndroidManifest.xml:25:9-28:60
97            android:name="com.folioreader.ui.activity.FolioActivity"
97-->[com.jideguru:folioreader:0.6.2] AndroidManifest.xml:26:13-69
98            android:label="@string/app_name"
98-->[com.jideguru:folioreader:0.6.2] AndroidManifest.xml:27:13-45
99            android:theme="@style/FolioActivityDayTheme" />
99-->[com.jideguru:folioreader:0.6.2] AndroidManifest.xml:28:13-57
100        <activity
100-->[com.jideguru:folioreader:0.6.2] AndroidManifest.xml:29:9-31:59
101            android:name="com.folioreader.ui.activity.ContentHighlightActivity"
101-->[com.jideguru:folioreader:0.6.2] AndroidManifest.xml:30:13-80
102            android:theme="@style/AppTheme.NoActionBar" />
102-->[com.jideguru:folioreader:0.6.2] AndroidManifest.xml:31:13-56
103        <activity
103-->[com.jideguru:folioreader:0.6.2] AndroidManifest.xml:32:9-42:20
104            android:name="com.folioreader.ui.activity.SearchActivity"
104-->[com.jideguru:folioreader:0.6.2] AndroidManifest.xml:33:13-70
105            android:launchMode="singleTop" >
105-->[com.jideguru:folioreader:0.6.2] AndroidManifest.xml:34:13-43
106            <intent-filter>
106-->[com.jideguru:folioreader:0.6.2] AndroidManifest.xml:35:13-37:29
107                <action android:name="android.intent.action.SEARCH" />
107-->[com.jideguru:folioreader:0.6.2] AndroidManifest.xml:36:17-71
107-->[com.jideguru:folioreader:0.6.2] AndroidManifest.xml:36:25-68
108            </intent-filter>
109
110            <meta-data
110-->[com.jideguru:folioreader:0.6.2] AndroidManifest.xml:39:13-41:54
111                android:name="android.app.searchable"
111-->[com.jideguru:folioreader:0.6.2] AndroidManifest.xml:40:17-54
112                android:resource="@xml/searchable" />
112-->[com.jideguru:folioreader:0.6.2] AndroidManifest.xml:41:17-51
113        </activity>
114
115        <provider
115-->[com.github.codetoart:r2-streamer-kotlin:1.0.4-2] AndroidManifest.xml:22:9-25:40
116            android:name="org.readium.r2.streamer.ClientAppContext"
116-->[com.github.codetoart:r2-streamer-kotlin:1.0.4-2] AndroidManifest.xml:23:13-68
117            android:authorities="com.smart.live_by_quran.provider.clientappcontext"
117-->[com.github.codetoart:r2-streamer-kotlin:1.0.4-2] AndroidManifest.xml:24:13-77
118            android:exported="false" />
118-->[com.github.codetoart:r2-streamer-kotlin:1.0.4-2] AndroidManifest.xml:25:13-37
119        <provider
119-->[androidx.lifecycle:lifecycle-process:2.1.0] AndroidManifest.xml:23:9-27:43
120            android:name="androidx.lifecycle.ProcessLifecycleOwnerInitializer"
120-->[androidx.lifecycle:lifecycle-process:2.1.0] AndroidManifest.xml:24:13-79
121            android:authorities="com.smart.live_by_quran.lifecycle-process"
121-->[androidx.lifecycle:lifecycle-process:2.1.0] AndroidManifest.xml:25:13-69
122            android:exported="false"
122-->[androidx.lifecycle:lifecycle-process:2.1.0] AndroidManifest.xml:26:13-37
123            android:multiprocess="true" />
123-->[androidx.lifecycle:lifecycle-process:2.1.0] AndroidManifest.xml:27:13-40
124    </application>
125
126</manifest>